<?xml version="1.0" encoding="UTF-8"?>
<testsuite xmlns:xsi="http://www.w3.org/2001/XMLSchema-instance" xsi:noNamespaceSchemaLocation="https://maven.apache.org/surefire/maven-surefire-plugin/xsd/surefire-test-report-3.0.xsd" version="3.0" name="com.shop.StudyProjectBackendApplicationTests" time="2.935" tests="1" errors="0" skipped="0" failures="0">
  <properties>
[...]
</properties>
  <testcase name="contextLoads" classname="com.shop.StudyProjectBackendApplicationTests" time="0.819">
    <system-out><![CDATA[19:12:39.125 [main] INFO org.springframework.test.context.support.AnnotationConfigContextLoaderUtils -- Could not detect default configuration classes for test class [com.shop.StudyProjectBackendApplicationTests]: StudyProjectBackendApplicationTests does not declare any static, non-private, non-final, nested classes annotated with @Configuration.
19:12:39.253 [main] INFO org.springframework.boot.test.context.SpringBootTestContextBootstrapper -- Found @SpringBootConfiguration com.shop.shopApplication for test class com.shop.StudyProjectBackendApplicationTests

  .   ____          _            __ _ _
 /\\ / ___'_ __ _ _(_)_ __  __ _ \ \ \ \
( ( )\___ | '_ | '_| | '_ \/ _` | \ \ \ \
 \\/  ___)| |_)| | | | | || (_| |  ) ) ) )
  '  |____| .__|_| |_|_| |_\__, | / / / /
 =========|_|==============|___/=/_/_/_/
 :: Spring Boot ::                (v3.1.2)

2024-09-10T19:12:39.754+09:00  INFO 13280 --- [           main] c.s.StudyProjectBackendApplicationTests  : Starting StudyProjectBackendApplicationTests using Java 22.0.2 with PID 13280 (started by AEI in D:\eclipse\instrumentshop0.1\instrumentshop)
2024-09-10T19:12:39.755+09:00  INFO 13280 --- [           main] c.s.StudyProjectBackendApplicationTests  : No active profile set, falling back to 1 default profile: "default"
2024-09-10T19:12:41.083+09:00  INFO 13280 --- [           main] c.s.StudyProjectBackendApplicationTests  : Started StudyProjectBackendApplicationTests in 1.708 seconds (process running for 2.502)
sadasd
2024-09-10T19:12:41.684+09:00  INFO 13280 --- [           main] com.zaxxer.hikari.HikariDataSource       : HikariPool-1 - Starting...
2024-09-10T19:12:41.877+09:00  INFO 13280 --- [           main] com.zaxxer.hikari.pool.HikariPool        : HikariPool-1 - Added connection com.mysql.jdbc.JDBC4Connection@9f9146d
2024-09-10T19:12:41.879+09:00  INFO 13280 --- [           main] com.zaxxer.hikari.HikariDataSource       : HikariPool-1 - Start completed.
0
0
0
sadasd
]]></system-out>
    <system-err><![CDATA[WARNING: A Java agent has been loaded dynamically (C:\Users\AEI\.m2\repository\net\bytebuddy\byte-buddy-agent\1.14.5\byte-buddy-agent-1.14.5.jar)
WARNING: If a serviceability tool is in use, please run with -XX:+EnableDynamicAgentLoading to hide this warning
WARNING: If a serviceability tool is not in use, please run with -Djdk.instrument.traceUsage for more information
WARNING: Dynamic loading of agents will be disallowed by default in a future release
Tue Sep 10 19:12:41 JST 2024 WARN: Establishing SSL connection without server's identity verification is not recommended. According to MySQL 5.5.45+, 5.6.26+ and 5.7.6+ requirements SSL connection must be established by default if explicit option isn't set. For compliance with existing applications not using SSL the verifyServerCertificate property is set to 'false'. You need either to explicitly disable SSL by setting useSSL=false, or set useSSL=true and provide truststore for server certificate verification.
]]></system-err>
  </testcase>
</testsuite>